A* with distance: 6
.  .  .  .  .  T  .  .
.  .  .  X  X  X  X  .
.  .  .  S  .  .  .  .
.  .  .  .  .  .  .  .

   .       8,4,4     6,3,3     6,4,2     6,5,1    6,6,0(T)     .         .    
   .       8,3,5     6,2,4       X         X         X         X         .    
   .       8,2,6     6,1,5    4,0,4(S)   4,1,3     4,2,2     6,3,3     8,4,4  
   .         .       8,2,6     6,1,5     6,2,4     6,3,3     8,4,4       .    

Dijkstra with distance: 6
.  .  .  .  .  T  .  .
.  .  .  X  X  X  X  .
.  .  .  S  .  .  .  .
.  .  .  .  .  .  .  .

 5,5,5     4,4,4     3,3,3     4,4,2     5,5,1    6,6,0(T)     .         .    
 4,4,6     3,3,5     2,2,4       X         X         X         X       5,5,3  
 3,3,7     2,2,6     1,1,5    0,0,4(S)   1,1,3     2,2,2     3,3,3     4,4,4  
 4,4,8     3,3,7     2,2,6     1,1,5     2,2,4     3,3,3     4,4,4     5,5,5  

Best-first with distance: 8
.  .  .  .  .  T  .  .
.  .  .  X  X  X  X  .
.  .  .  S  .  .  .  .
.  .  .  .  .  .  .  .

   .         .         .         .         .      0,8,0(T)   1,7,1     2,6,2  
   .         .         .         X         X         X         X       3,5,3  
   .         .       5,1,5    4,0,4(S)   3,1,3     2,2,2     3,3,3     4,4,4  
   .         .         .       5,1,5     4,2,4     3,3,3     4,4,4     5,5,5  

